12-Nov-2020 00:29:37.356 심각 [http-nio-8215-exec-5] org.apache.catalina.core.StandardWrapperValve.invoke Servlet.service() for servlet [jsp] in context with path [] threw exception [An exception occurred processing JSP page /board/board_detail_form.jsp at line 11

8: <%@ page import="com.oreilly.servlet.MultipartRequest"%>
9: <%@ page import="com.oreilly.servlet.multipart.DefaultFileRenamePolicy"%>
10: <%
11: 	String ss = session.getAttribute("ss").toString();
12: 	String id = (String) session.getAttribute("id");
13: 
14: 	int boardid = Integer.parseInt(request.getParameter("boardid")); //BoardList에서 board_uid 받아오기


Stacktrace:] with root cause
 java.lang.NullPointerException
	at org.apache.jsp.board.board_005fdetail_005fform_jsp._jspService(board_005fdetail_005fform_jsp.java:132)
	at org.apache.jasper.runtime.HttpJspBase.service(HttpJspBase.java:70)
	at javax.servlet.http.HttpServlet.service(HttpServlet.java:729)
	at org.apache.jasper.servlet.JspServletWrapper.service(JspServletWrapper.java:438)
	at org.apache.jasper.servlet.JspServlet.serviceJspFile(JspServlet.java:396)
	at org.apache.jasper.servlet.JspServlet.service(JspServlet.java:340)
	at javax.servlet.http.HttpServlet.service(HttpServlet.java:729)
	at org.apache.catalina.core.ApplicationFilterChain.internalDoFilter(ApplicationFilterChain.java:292)
	at org.apache.catalina.core.ApplicationFilterChain.doFilter(ApplicationFilterChain.java:207)
	at org.apache.tomcat.websocket.server.WsFilter.doFilter(WsFilter.java:52)
	at org.apache.catalina.core.ApplicationFilterChain.internalDoFilter(ApplicationFilterChain.java:240)
	at org.apache.catalina.core.ApplicationFilterChain.doFilter(ApplicationFilterChain.java:207)
	at org.apache.catalina.core.StandardWrapperValve.invoke(StandardWrapperValve.java:212)
	at org.apache.catalina.core.StandardContextValve.invoke(StandardContextValve.java:94)
	at org.apache.catalina.core.StandardHostValve.invoke(StandardHostValve.java:141)
	at org.apache.catalina.valves.ErrorReportValve.invoke(ErrorReportValve.java:79)
	at org.apache.catalina.core.StandardEngineValve.invoke(StandardEngineValve.java:88)
	at org.apache.catalina.connector.CoyoteAdapter.service(CoyoteAdapter.java:502)
	at org.apache.coyote.http11.AbstractHttp11Processor.process(AbstractHttp11Processor.java:1132)
	at org.apache.coyote.AbstractProtocol$AbstractConnectionHandler.process(AbstractProtocol.java:684)
	at org.apache.tomcat.util.net.NioEndpoint$SocketProcessor.doRun(NioEndpoint.java:1539)
	at org.apache.tomcat.util.net.NioEndpoint$SocketProcessor.run(NioEndpoint.java:1495)
	at java.util.concurrent.ThreadPoolExecutor.runWorker(ThreadPoolExecutor.java:1142)
	at java.util.concurrent.ThreadPoolExecutor$Worker.run(ThreadPoolExecutor.java:617)
	at org.apache.tomcat.util.threads.TaskThread$WrappingRunnable.run(TaskThread.java:61)
	at java.lang.Thread.run(Thread.java:745)

12-Nov-2020 10:03:02.169 심각 [http-nio-8215-exec-6] org.apache.catalina.core.StandardWrapperValve.invoke Servlet.service() for servlet [jsp] in context with path [] threw exception [Unable to compile class for JSP: 

An error occurred at line: 314 in the jsp file: /notice/notice_list.jsp
The method substring(int, int) is undefined for the type Timestamp
311: 								Date date = new Date(); 
312: 								SimpleDateFormat simpleDate = new SimpleDateFormat("yyyy-MM-dd"); 
313: 								String year = (String)simpleDate.format(date); 
314: 								String yea = Notice_Date.substring(0,10);
315: 								
316: 					%>
317: 					<tr style="text-align:center;" class="content">


Stacktrace:] with root cause
 org.apache.jasper.JasperException: Unable to compile class for JSP: 

An error occurred at line: 314 in the jsp file: /notice/notice_list.jsp
The method substring(int, int) is undefined for the type Timestamp
311: 								Date date = new Date(); 
312: 								SimpleDateFormat simpleDate = new SimpleDateFormat("yyyy-MM-dd"); 
313: 								String year = (String)simpleDate.format(date); 
314: 								String yea = Notice_Date.substring(0,10);
315: 								
316: 					%>
317: 					<tr style="text-align:center;" class="content">


Stacktrace:
	at org.apache.jasper.compiler.DefaultErrorHandler.javacError(DefaultErrorHandler.java:102)
	at org.apache.jasper.compiler.ErrorDispatcher.javacError(ErrorDispatcher.java:198)
	at org.apache.jasper.compiler.JDTCompiler.generateClass(JDTCompiler.java:457)
	at org.apache.jasper.compiler.Compiler.compile(Compiler.java:363)
	at org.apache.jasper.compiler.Compiler.compile(Compiler.java:338)
	at org.apache.jasper.compiler.Compiler.compile(Compiler.java:325)
	at org.apache.jasper.JspCompilationContext.compile(JspCompilationContext.java:580)
	at org.apache.jasper.servlet.JspServletWrapper.service(JspServletWrapper.java:363)
	at org.apache.jasper.servlet.JspServlet.serviceJspFile(JspServlet.java:396)
	at org.apache.jasper.servlet.JspServlet.service(JspServlet.java:340)
	at javax.servlet.http.HttpServlet.service(HttpServlet.java:729)
	at org.apache.catalina.core.ApplicationFilterChain.internalDoFilter(ApplicationFilterChain.java:292)
	at org.apache.catalina.core.ApplicationFilterChain.doFilter(ApplicationFilterChain.java:207)
	at org.apache.tomcat.websocket.server.WsFilter.doFilter(WsFilter.java:52)
	at org.apache.catalina.core.ApplicationFilterChain.internalDoFilter(ApplicationFilterChain.java:240)
	at org.apache.catalina.core.ApplicationFilterChain.doFilter(ApplicationFilterChain.java:207)
	at org.apache.catalina.core.StandardWrapperValve.invoke(StandardWrapperValve.java:212)
	at org.apache.catalina.core.StandardContextValve.invoke(StandardContextValve.java:94)
	at org.apache.catalina.core.StandardHostValve.invoke(StandardHostValve.java:141)
	at org.apache.catalina.valves.ErrorReportValve.invoke(ErrorReportValve.java:79)
	at org.apache.catalina.core.StandardEngineValve.invoke(StandardEngineValve.java:88)
	at org.apache.catalina.connector.CoyoteAdapter.service(CoyoteAdapter.java:502)
	at org.apache.coyote.http11.AbstractHttp11Processor.process(AbstractHttp11Processor.java:1132)
	at org.apache.coyote.AbstractProtocol$AbstractConnectionHandler.process(AbstractProtocol.java:684)
	at org.apache.tomcat.util.net.NioEndpoint$SocketProcessor.doRun(NioEndpoint.java:1539)
	at org.apache.tomcat.util.net.NioEndpoint$SocketProcessor.run(NioEndpoint.java:1495)
	at java.util.concurrent.ThreadPoolExecutor.runWorker(ThreadPoolExecutor.java:1142)
	at java.util.concurrent.ThreadPoolExecutor$Worker.run(ThreadPoolExecutor.java:617)
	at org.apache.tomcat.util.threads.TaskThread$WrappingRunnable.run(TaskThread.java:61)
	at java.lang.Thread.run(Thread.java:745)

12-Nov-2020 10:44:55.294 심각 [http-nio-8215-exec-2] org.apache.catalina.core.StandardWrapperValve.invoke Servlet.service() for servlet [jsp] in context with path [] threw exception [Unable to compile class for JSP: 

An error occurred at line: 78 in the jsp file: /notice/notice_insert_action.jsp
MaxBID cannot be resolved to a variable
75: 
76: 		int MaxNID = 0;
77: 		if (rs.next()) {
78: 			MaxBID = rs.getInt(1) + 1;
79: 		}
80: 		rs.close();
81: 		pstmt.close();


Stacktrace:] with root cause
 org.apache.jasper.JasperException: Unable to compile class for JSP: 

An error occurred at line: 78 in the jsp file: /notice/notice_insert_action.jsp
MaxBID cannot be resolved to a variable
75: 
76: 		int MaxNID = 0;
77: 		if (rs.next()) {
78: 			MaxBID = rs.getInt(1) + 1;
79: 		}
80: 		rs.close();
81: 		pstmt.close();


Stacktrace:
	at org.apache.jasper.compiler.DefaultErrorHandler.javacError(DefaultErrorHandler.java:102)
	at org.apache.jasper.compiler.ErrorDispatcher.javacError(ErrorDispatcher.java:198)
	at org.apache.jasper.compiler.JDTCompiler.generateClass(JDTCompiler.java:457)
	at org.apache.jasper.compiler.Compiler.compile(Compiler.java:363)
	at org.apache.jasper.compiler.Compiler.compile(Compiler.java:338)
	at org.apache.jasper.compiler.Compiler.compile(Compiler.java:325)
	at org.apache.jasper.JspCompilationContext.compile(JspCompilationContext.java:580)
	at org.apache.jasper.servlet.JspServletWrapper.service(JspServletWrapper.java:363)
	at org.apache.jasper.servlet.JspServlet.serviceJspFile(JspServlet.java:396)
	at org.apache.jasper.servlet.JspServlet.service(JspServlet.java:340)
	at javax.servlet.http.HttpServlet.service(HttpServlet.java:729)
	at org.apache.catalina.core.ApplicationFilterChain.internalDoFilter(ApplicationFilterChain.java:292)
	at org.apache.catalina.core.ApplicationFilterChain.doFilter(ApplicationFilterChain.java:207)
	at org.apache.tomcat.websocket.server.WsFilter.doFilter(WsFilter.java:52)
	at org.apache.catalina.core.ApplicationFilterChain.internalDoFilter(ApplicationFilterChain.java:240)
	at org.apache.catalina.core.ApplicationFilterChain.doFilter(ApplicationFilterChain.java:207)
	at org.apache.catalina.core.StandardWrapperValve.invoke(StandardWrapperValve.java:212)
	at org.apache.catalina.core.StandardContextValve.invoke(StandardContextValve.java:94)
	at org.apache.catalina.core.StandardHostValve.invoke(StandardHostValve.java:141)
	at org.apache.catalina.valves.ErrorReportValve.invoke(ErrorReportValve.java:79)
	at org.apache.catalina.core.StandardEngineValve.invoke(StandardEngineValve.java:88)
	at org.apache.catalina.connector.CoyoteAdapter.service(CoyoteAdapter.java:502)
	at org.apache.coyote.http11.AbstractHttp11Processor.process(AbstractHttp11Processor.java:1132)
	at org.apache.coyote.AbstractProtocol$AbstractConnectionHandler.process(AbstractProtocol.java:684)
	at org.apache.tomcat.util.net.NioEndpoint$SocketProcessor.doRun(NioEndpoint.java:1539)
	at org.apache.tomcat.util.net.NioEndpoint$SocketProcessor.run(NioEndpoint.java:1495)
	at java.util.concurrent.ThreadPoolExecutor.runWorker(ThreadPoolExecutor.java:1142)
	at java.util.concurrent.ThreadPoolExecutor$Worker.run(ThreadPoolExecutor.java:617)
	at org.apache.tomcat.util.threads.TaskThread$WrappingRunnable.run(TaskThread.java:61)
	at java.lang.Thread.run(Thread.java:745)

12-Nov-2020 10:45:27.425 심각 [http-nio-8215-exec-9] org.apache.catalina.core.StandardWrapperValve.invoke Servlet.service() for servlet [jsp] in context with path [] threw exception [An exception occurred processing JSP page /notice/notice_insert_action.jsp at line 30

27: 	String encoding = "UTF-8"; //인코딩
28: 
29: 	MultipartRequest Notice_multi = null;
30: 	Notice_multi = new MultipartRequest(request, SavePath, max, encoding, new DefaultFileRenamePolicy());
31: %>
32: <%
33: 	String sqlGetMaxNoticeID = "SELECT MAX(notice_uid) FROM notice";


Stacktrace:] with root cause
 java.lang.IllegalArgumentException: Not a directory: /yhpj/tomcat/webapps/ROOT/NoticeSavePath
	at com.oreilly.servlet.MultipartRequest.<init>(MultipartRequest.java:215)
	at org.apache.jsp.notice.notice_005finsert_005faction_jsp._jspService(notice_005finsert_005faction_jsp.java:158)
	at org.apache.jasper.runtime.HttpJspBase.service(HttpJspBase.java:70)
	at javax.servlet.http.HttpServlet.service(HttpServlet.java:729)
	at org.apache.jasper.servlet.JspServletWrapper.service(JspServletWrapper.java:438)
	at org.apache.jasper.servlet.JspServlet.serviceJspFile(JspServlet.java:396)
	at org.apache.jasper.servlet.JspServlet.service(JspServlet.java:340)
	at javax.servlet.http.HttpServlet.service(HttpServlet.java:729)
	at org.apache.catalina.core.ApplicationFilterChain.internalDoFilter(ApplicationFilterChain.java:292)
	at org.apache.catalina.core.ApplicationFilterChain.doFilter(ApplicationFilterChain.java:207)
	at org.apache.tomcat.websocket.server.WsFilter.doFilter(WsFilter.java:52)
	at org.apache.catalina.core.ApplicationFilterChain.internalDoFilter(ApplicationFilterChain.java:240)
	at org.apache.catalina.core.ApplicationFilterChain.doFilter(ApplicationFilterChain.java:207)
	at org.apache.catalina.core.StandardWrapperValve.invoke(StandardWrapperValve.java:212)
	at org.apache.catalina.core.StandardContextValve.invoke(StandardContextValve.java:94)
	at org.apache.catalina.core.StandardHostValve.invoke(StandardHostValve.java:141)
	at org.apache.catalina.valves.ErrorReportValve.invoke(ErrorReportValve.java:79)
	at org.apache.catalina.core.StandardEngineValve.invoke(StandardEngineValve.java:88)
	at org.apache.catalina.connector.CoyoteAdapter.service(CoyoteAdapter.java:502)
	at org.apache.coyote.http11.AbstractHttp11Processor.process(AbstractHttp11Processor.java:1132)
	at org.apache.coyote.AbstractProtocol$AbstractConnectionHandler.process(AbstractProtocol.java:684)
	at org.apache.tomcat.util.net.NioEndpoint$SocketProcessor.doRun(NioEndpoint.java:1539)
	at org.apache.tomcat.util.net.NioEndpoint$SocketProcessor.run(NioEndpoint.java:1495)
	at java.util.concurrent.ThreadPoolExecutor.runWorker(ThreadPoolExecutor.java:1142)
	at java.util.concurrent.ThreadPoolExecutor$Worker.run(ThreadPoolExecutor.java:617)
	at org.apache.tomcat.util.threads.TaskThread$WrappingRunnable.run(TaskThread.java:61)
	at java.lang.Thread.run(Thread.java:745)

12-Nov-2020 10:49:07.215 심각 [http-nio-8215-exec-6] org.apache.catalina.core.StandardWrapperValve.invoke Servlet.service() for servlet [jsp] in context with path [] threw exception
 java.io.IOException: An exception occurred processing JSP page /notice/notice_insert_action.jsp at line 30

27: 	String encoding = "UTF-8"; //인코딩
28: 
29: 	MultipartRequest Notice_multi = null;
30: 	Notice_multi = new MultipartRequest(request, SavePath, max, encoding, new DefaultFileRenamePolicy());
31: %>
32: <%
33: 	String sqlGetMaxNoticeID = "SELECT MAX(notice_uid) FROM notice";


Stacktrace:
	at org.apache.jasper.servlet.JspServletWrapper.service(JspServletWrapper.java:466)
	at org.apache.jasper.servlet.JspServlet.serviceJspFile(JspServlet.java:396)
	at org.apache.jasper.servlet.JspServlet.service(JspServlet.java:340)
	at javax.servlet.http.HttpServlet.service(HttpServlet.java:729)
	at org.apache.catalina.core.ApplicationFilterChain.internalDoFilter(ApplicationFilterChain.java:292)
	at org.apache.catalina.core.ApplicationFilterChain.doFilter(ApplicationFilterChain.java:207)
	at org.apache.tomcat.websocket.server.WsFilter.doFilter(WsFilter.java:52)
	at org.apache.catalina.core.ApplicationFilterChain.internalDoFilter(ApplicationFilterChain.java:240)
	at org.apache.catalina.core.ApplicationFilterChain.doFilter(ApplicationFilterChain.java:207)
	at org.apache.catalina.core.StandardWrapperValve.invoke(StandardWrapperValve.java:212)
	at org.apache.catalina.core.StandardContextValve.invoke(StandardContextValve.java:94)
	at org.apache.catalina.core.StandardHostValve.invoke(StandardHostValve.java:141)
	at org.apache.catalina.valves.ErrorReportValve.invoke(ErrorReportValve.java:79)
	at org.apache.catalina.core.StandardEngineValve.invoke(StandardEngineValve.java:88)
	at org.apache.catalina.connector.CoyoteAdapter.service(CoyoteAdapter.java:502)
	at org.apache.coyote.http11.AbstractHttp11Processor.process(AbstractHttp11Processor.java:1132)
	at org.apache.coyote.AbstractProtocol$AbstractConnectionHandler.process(AbstractProtocol.java:684)
	at org.apache.tomcat.util.net.NioEndpoint$SocketProcessor.doRun(NioEndpoint.java:1539)
	at org.apache.tomcat.util.net.NioEndpoint$SocketProcessor.run(NioEndpoint.java:1495)
	at java.util.concurrent.ThreadPoolExecutor.runWorker(ThreadPoolExecutor.java:1142)
	at java.util.concurrent.ThreadPoolExecutor$Worker.run(ThreadPoolExecutor.java:617)
	at org.apache.tomcat.util.threads.TaskThread$WrappingRunnable.run(TaskThread.java:61)
	at java.lang.Thread.run(Thread.java:745)
Caused by: java.io.IOException: Posted content type isn't multipart/form-data
	at com.oreilly.servlet.multipart.MultipartParser.<init>(MultipartParser.java:168)
	at com.oreilly.servlet.MultipartRequest.<init>(MultipartRequest.java:223)
	at org.apache.jsp.notice.notice_005finsert_005faction_jsp._jspService(notice_005finsert_005faction_jsp.java:158)
	at org.apache.jasper.runtime.HttpJspBase.service(HttpJspBase.java:70)
	at javax.servlet.http.HttpServlet.service(HttpServlet.java:729)
	at org.apache.jasper.servlet.JspServletWrapper.service(JspServletWrapper.java:438)
	... 22 more

12-Nov-2020 10:50:36.868 심각 [http-nio-8215-exec-1] org.apache.catalina.core.StandardWrapperValve.invoke Servlet.service() for servlet [jsp] in context with path [] threw exception
 java.io.IOException: An exception occurred processing JSP page /notice/notice_insert_action.jsp at line 30

27: 	String encoding = "UTF-8"; //인코딩
28: 
29: 	MultipartRequest Notice_multi = null;
30: 	Notice_multi = new MultipartRequest(request, SavePath, max, encoding, new DefaultFileRenamePolicy());
31: %>
32: <%
33: 	String sqlGetMaxNoticeID = "SELECT MAX(notice_uid) FROM notice";


Stacktrace:
	at org.apache.jasper.servlet.JspServletWrapper.service(JspServletWrapper.java:466)
	at org.apache.jasper.servlet.JspServlet.serviceJspFile(JspServlet.java:396)
	at org.apache.jasper.servlet.JspServlet.service(JspServlet.java:340)
	at javax.servlet.http.HttpServlet.service(HttpServlet.java:729)
	at org.apache.catalina.core.ApplicationFilterChain.internalDoFilter(ApplicationFilterChain.java:292)
	at org.apache.catalina.core.ApplicationFilterChain.doFilter(ApplicationFilterChain.java:207)
	at org.apache.tomcat.websocket.server.WsFilter.doFilter(WsFilter.java:52)
	at org.apache.catalina.core.ApplicationFilterChain.internalDoFilter(ApplicationFilterChain.java:240)
	at org.apache.catalina.core.ApplicationFilterChain.doFilter(ApplicationFilterChain.java:207)
	at org.apache.catalina.core.StandardWrapperValve.invoke(StandardWrapperValve.java:212)
	at org.apache.catalina.core.StandardContextValve.invoke(StandardContextValve.java:94)
	at org.apache.catalina.core.StandardHostValve.invoke(StandardHostValve.java:141)
	at org.apache.catalina.valves.ErrorReportValve.invoke(ErrorReportValve.java:79)
	at org.apache.catalina.core.StandardEngineValve.invoke(StandardEngineValve.java:88)
	at org.apache.catalina.connector.CoyoteAdapter.service(CoyoteAdapter.java:502)
	at org.apache.coyote.http11.AbstractHttp11Processor.process(AbstractHttp11Processor.java:1132)
	at org.apache.coyote.AbstractProtocol$AbstractConnectionHandler.process(AbstractProtocol.java:684)
	at org.apache.tomcat.util.net.NioEndpoint$SocketProcessor.doRun(NioEndpoint.java:1539)
	at org.apache.tomcat.util.net.NioEndpoint$SocketProcessor.run(NioEndpoint.java:1495)
	at java.util.concurrent.ThreadPoolExecutor.runWorker(ThreadPoolExecutor.java:1142)
	at java.util.concurrent.ThreadPoolExecutor$Worker.run(ThreadPoolExecutor.java:617)
	at org.apache.tomcat.util.threads.TaskThread$WrappingRunnable.run(TaskThread.java:61)
	at java.lang.Thread.run(Thread.java:745)
Caused by: java.io.IOException: Posted content type isn't multipart/form-data
	at com.oreilly.servlet.multipart.MultipartParser.<init>(MultipartParser.java:168)
	at com.oreilly.servlet.MultipartRequest.<init>(MultipartRequest.java:223)
	at org.apache.jsp.notice.notice_005finsert_005faction_jsp._jspService(notice_005finsert_005faction_jsp.java:158)
	at org.apache.jasper.runtime.HttpJspBase.service(HttpJspBase.java:70)
	at javax.servlet.http.HttpServlet.service(HttpServlet.java:729)
	at org.apache.jasper.servlet.JspServletWrapper.service(JspServletWrapper.java:438)
	... 22 more

12-Nov-2020 11:22:05.957 심각 [http-nio-8215-exec-1] org.apache.catalina.core.StandardWrapperValve.invoke Servlet.service() for servlet [jsp] in context with path [] threw exception [Unable to compile class for JSP: 

An error occurred at line: 272 in the jsp file: /notice/notice_detail_form.jsp
Syntax error, insert "Finally" to complete TryStatement
269: 					<div class="col-md-2 col-sm-4"></div>
270: 				</div>
271: 				<%
272: 					}
273: 
274: 				rs.close();
275: 				pstmt.close();


An error occurred at line: [513] in the generated java file: [/yhpj/tomcat/work/yhpj/yhpj.cafe24.com/ROOT/org/apache/jsp/notice/notice_005fdetail_005fform_jsp.java]
Syntax error on token "catch", Identifier expected

An error occurred at line: [515] in the generated java file: [/yhpj/tomcat/work/yhpj/yhpj.cafe24.com/ROOT/org/apache/jsp/notice/notice_005fdetail_005fform_jsp.java]
out cannot be resolved to a variable

An error occurred at line: [515] in the generated java file: [/yhpj/tomcat/work/yhpj/yhpj.cafe24.com/ROOT/org/apache/jsp/notice/notice_005fdetail_005fform_jsp.java]
_jspx_out cannot be resolved to a variable

An error occurred at line: [516] in the generated java file: [/yhpj/tomcat/work/yhpj/yhpj.cafe24.com/ROOT/org/apache/jsp/notice/notice_005fdetail_005fform_jsp.java]
out cannot be resolved to a variable

An error occurred at line: [516] in the generated java file: [/yhpj/tomcat/work/yhpj/yhpj.cafe24.com/ROOT/org/apache/jsp/notice/notice_005fdetail_005fform_jsp.java]
out cannot be resolved

An error occurred at line: [518] in the generated java file: [/yhpj/tomcat/work/yhpj/yhpj.cafe24.com/ROOT/org/apache/jsp/notice/notice_005fdetail_005fform_jsp.java]
response cannot be resolved

An error occurred at line: [519] in the generated java file: [/yhpj/tomcat/work/yhpj/yhpj.cafe24.com/ROOT/org/apache/jsp/notice/notice_005fdetail_005fform_jsp.java]
out cannot be resolved

An error occurred at line: [521] in the generated java file: [/yhpj/tomcat/work/yhpj/yhpj.cafe24.com/ROOT/org/apache/jsp/notice/notice_005fdetail_005fform_jsp.java]
out cannot be resolved

An error occurred at line: [524] in the generated java file: [/yhpj/tomcat/work/yhpj/yhpj.cafe24.com/ROOT/org/apache/jsp/notice/notice_005fdetail_005fform_jsp.java]
_jspx_page_context cannot be resolved to a variable

An error occurred at line: [524] in the generated java file: [/yhpj/tomcat/work/yhpj/yhpj.cafe24.com/ROOT/org/apache/jsp/notice/notice_005fdetail_005fform_jsp.java]
_jspx_page_context cannot be resolved

An error occurred at line: [527] in the generated java file: [/yhpj/tomcat/work/yhpj/yhpj.cafe24.com/ROOT/org/apache/jsp/notice/notice_005fdetail_005fform_jsp.java]
Syntax error on token "finally", { expected

An error occurred at line: [528] in the generated java file: [/yhpj/tomcat/work/yhpj/yhpj.cafe24.com/ROOT/org/apache/jsp/notice/notice_005fdetail_005fform_jsp.java]
_jspx_page_context cannot be resolved to a variable

Stacktrace:] with root cause
 org.apache.jasper.JasperException: Unable to compile class for JSP: 

An error occurred at line: 272 in the jsp file: /notice/notice_detail_form.jsp
Syntax error, insert "Finally" to complete TryStatement
269: 					<div class="col-md-2 col-sm-4"></div>
270: 				</div>
271: 				<%
272: 					}
273: 
274: 				rs.close();
275: 				pstmt.close();


An error occurred at line: [513] in the generated java file: [/yhpj/tomcat/work/yhpj/yhpj.cafe24.com/ROOT/org/apache/jsp/notice/notice_005fdetail_005fform_jsp.java]
Syntax error on token "catch", Identifier expected

An error occurred at line: [515] in the generated java file: [/yhpj/tomcat/work/yhpj/yhpj.cafe24.com/ROOT/org/apache/jsp/notice/notice_005fdetail_005fform_jsp.java]
out cannot be resolved to a variable

An error occurred at line: [515] in the generated java file: [/yhpj/tomcat/work/yhpj/yhpj.cafe24.com/ROOT/org/apache/jsp/notice/notice_005fdetail_005fform_jsp.java]
_jspx_out cannot be resolved to a variable

An error occurred at line: [516] in the generated java file: [/yhpj/tomcat/work/yhpj/yhpj.cafe24.com/ROOT/org/apache/jsp/notice/notice_005fdetail_005fform_jsp.java]
out cannot be resolved to a variable

An error occurred at line: [516] in the generated java file: [/yhpj/tomcat/work/yhpj/yhpj.cafe24.com/ROOT/org/apache/jsp/notice/notice_005fdetail_005fform_jsp.java]
out cannot be resolved

An error occurred at line: [518] in the generated java file: [/yhpj/tomcat/work/yhpj/yhpj.cafe24.com/ROOT/org/apache/jsp/notice/notice_005fdetail_005fform_jsp.java]
response cannot be resolved

An error occurred at line: [519] in the generated java file: [/yhpj/tomcat/work/yhpj/yhpj.cafe24.com/ROOT/org/apache/jsp/notice/notice_005fdetail_005fform_jsp.java]
out cannot be resolved

An error occurred at line: [521] in the generated java file: [/yhpj/tomcat/work/yhpj/yhpj.cafe24.com/ROOT/org/apache/jsp/notice/notice_005fdetail_005fform_jsp.java]
out cannot be resolved

An error occurred at line: [524] in the generated java file: [/yhpj/tomcat/work/yhpj/yhpj.cafe24.com/ROOT/org/apache/jsp/notice/notice_005fdetail_005fform_jsp.java]
_jspx_page_context cannot be resolved to a variable

An error occurred at line: [524] in the generated java file: [/yhpj/tomcat/work/yhpj/yhpj.cafe24.com/ROOT/org/apache/jsp/notice/notice_005fdetail_005fform_jsp.java]
_jspx_page_context cannot be resolved

An error occurred at line: [527] in the generated java file: [/yhpj/tomcat/work/yhpj/yhpj.cafe24.com/ROOT/org/apache/jsp/notice/notice_005fdetail_005fform_jsp.java]
Syntax error on token "finally", { expected

An error occurred at line: [528] in the generated java file: [/yhpj/tomcat/work/yhpj/yhpj.cafe24.com/ROOT/org/apache/jsp/notice/notice_005fdetail_005fform_jsp.java]
_jspx_page_context cannot be resolved to a variable

Stacktrace:
	at org.apache.jasper.compiler.DefaultErrorHandler.javacError(DefaultErrorHandler.java:102)
	at org.apache.jasper.compiler.ErrorDispatcher.javacError(ErrorDispatcher.java:198)
	at org.apache.jasper.compiler.JDTCompiler.generateClass(JDTCompiler.java:457)
	at org.apache.jasper.compiler.Compiler.compile(Compiler.java:363)
	at org.apache.jasper.compiler.Compiler.compile(Compiler.java:338)
	at org.apache.jasper.compiler.Compiler.compile(Compiler.java:325)
	at org.apache.jasper.JspCompilationContext.compile(JspCompilationContext.java:580)
	at org.apache.jasper.servlet.JspServletWrapper.service(JspServletWrapper.java:363)
	at org.apache.jasper.servlet.JspServlet.serviceJspFile(JspServlet.java:396)
	at org.apache.jasper.servlet.JspServlet.service(JspServlet.java:340)
	at javax.servlet.http.HttpServlet.service(HttpServlet.java:729)
	at org.apache.catalina.core.ApplicationFilterChain.internalDoFilter(ApplicationFilterChain.java:292)
	at org.apache.catalina.core.ApplicationFilterChain.doFilter(ApplicationFilterChain.java:207)
	at org.apache.tomcat.websocket.server.WsFilter.doFilter(WsFilter.java:52)
	at org.apache.catalina.core.ApplicationFilterChain.internalDoFilter(ApplicationFilterChain.java:240)
	at org.apache.catalina.core.ApplicationFilterChain.doFilter(ApplicationFilterChain.java:207)
	at org.apache.catalina.core.StandardWrapperValve.invoke(StandardWrapperValve.java:212)
	at org.apache.catalina.core.StandardContextValve.invoke(StandardContextValve.java:94)
	at org.apache.catalina.core.StandardHostValve.invoke(StandardHostValve.java:141)
	at org.apache.catalina.valves.ErrorReportValve.invoke(ErrorReportValve.java:79)
	at org.apache.catalina.core.StandardEngineValve.invoke(StandardEngineValve.java:88)
	at org.apache.catalina.connector.CoyoteAdapter.service(CoyoteAdapter.java:502)
	at org.apache.coyote.http11.AbstractHttp11Processor.process(AbstractHttp11Processor.java:1132)
	at org.apache.coyote.AbstractProtocol$AbstractConnectionHandler.process(AbstractProtocol.java:684)
	at org.apache.tomcat.util.net.NioEndpoint$SocketProcessor.doRun(NioEndpoint.java:1539)
	at org.apache.tomcat.util.net.NioEndpoint$SocketProcessor.run(NioEndpoint.java:1495)
	at java.util.concurrent.ThreadPoolExecutor.runWorker(ThreadPoolExecutor.java:1142)
	at java.util.concurrent.ThreadPoolExecutor$Worker.run(ThreadPoolExecutor.java:617)
	at org.apache.tomcat.util.threads.TaskThread$WrappingRunnable.run(TaskThread.java:61)
	at java.lang.Thread.run(Thread.java:745)

12-Nov-2020 11:23:35.678 심각 [http-nio-8215-exec-4] org.apache.catalina.core.StandardWrapperValve.invoke Servlet.service() for servlet [jsp] in context with path [] threw exception [Unable to compile class for JSP: 

An error occurred at line: [516] in the generated java file: [/yhpj/tomcat/work/yhpj/yhpj.cafe24.com/ROOT/org/apache/jsp/notice/notice_005fdetail_005fform_jsp.java]
Syntax error, insert "Finally" to complete TryStatement

An error occurred at line: [517] in the generated java file: [/yhpj/tomcat/work/yhpj/yhpj.cafe24.com/ROOT/org/apache/jsp/notice/notice_005fdetail_005fform_jsp.java]
Syntax error, insert "}" to complete ClassBody

Stacktrace:] with root cause
 org.apache.jasper.JasperException: Unable to compile class for JSP: 

An error occurred at line: [516] in the generated java file: [/yhpj/tomcat/work/yhpj/yhpj.cafe24.com/ROOT/org/apache/jsp/notice/notice_005fdetail_005fform_jsp.java]
Syntax error, insert "Finally" to complete TryStatement

An error occurred at line: [517] in the generated java file: [/yhpj/tomcat/work/yhpj/yhpj.cafe24.com/ROOT/org/apache/jsp/notice/notice_005fdetail_005fform_jsp.java]
Syntax error, insert "}" to complete ClassBody

Stacktrace:
	at org.apache.jasper.compiler.DefaultErrorHandler.javacError(DefaultErrorHandler.java:102)
	at org.apache.jasper.compiler.ErrorDispatcher.javacError(ErrorDispatcher.java:198)
	at org.apache.jasper.compiler.JDTCompiler.generateClass(JDTCompiler.java:457)
	at org.apache.jasper.compiler.Compiler.compile(Compiler.java:363)
	at org.apache.jasper.compiler.Compiler.compile(Compiler.java:338)
	at org.apache.jasper.compiler.Compiler.compile(Compiler.java:325)
	at org.apache.jasper.JspCompilationContext.compile(JspCompilationContext.java:580)
	at org.apache.jasper.servlet.JspServletWrapper.service(JspServletWrapper.java:363)
	at org.apache.jasper.servlet.JspServlet.serviceJspFile(JspServlet.java:396)
	at org.apache.jasper.servlet.JspServlet.service(JspServlet.java:340)
	at javax.servlet.http.HttpServlet.service(HttpServlet.java:729)
	at org.apache.catalina.core.ApplicationFilterChain.internalDoFilter(ApplicationFilterChain.java:292)
	at org.apache.catalina.core.ApplicationFilterChain.doFilter(ApplicationFilterChain.java:207)
	at org.apache.tomcat.websocket.server.WsFilter.doFilter(WsFilter.java:52)
	at org.apache.catalina.core.ApplicationFilterChain.internalDoFilter(ApplicationFilterChain.java:240)
	at org.apache.catalina.core.ApplicationFilterChain.doFilter(ApplicationFilterChain.java:207)
	at org.apache.catalina.core.StandardWrapperValve.invoke(StandardWrapperValve.java:212)
	at org.apache.catalina.core.StandardContextValve.invoke(StandardContextValve.java:94)
	at org.apache.catalina.core.StandardHostValve.invoke(StandardHostValve.java:141)
	at org.apache.catalina.valves.ErrorReportValve.invoke(ErrorReportValve.java:79)
	at org.apache.catalina.core.StandardEngineValve.invoke(StandardEngineValve.java:88)
	at org.apache.catalina.connector.CoyoteAdapter.service(CoyoteAdapter.java:502)
	at org.apache.coyote.http11.AbstractHttp11Processor.process(AbstractHttp11Processor.java:1132)
	at org.apache.coyote.AbstractProtocol$AbstractConnectionHandler.process(AbstractProtocol.java:684)
	at org.apache.tomcat.util.net.NioEndpoint$SocketProcessor.doRun(NioEndpoint.java:1539)
	at org.apache.tomcat.util.net.NioEndpoint$SocketProcessor.run(NioEndpoint.java:1495)
	at java.util.concurrent.ThreadPoolExecutor.runWorker(ThreadPoolExecutor.java:1142)
	at java.util.concurrent.ThreadPoolExecutor$Worker.run(ThreadPoolExecutor.java:617)
	at org.apache.tomcat.util.threads.TaskThread$WrappingRunnable.run(TaskThread.java:61)
	at java.lang.Thread.run(Thread.java:745)

12-Nov-2020 11:27:04.187 심각 [http-nio-8215-exec-8] org.apache.catalina.core.StandardWrapperValve.invoke Servlet.service() for servlet [jsp] in context with path [] threw exception [Unable to compile class for JSP: 

An error occurred at line: 272 in the jsp file: /notice/notice_detail_form.jsp
Syntax error, insert "Finally" to complete TryStatement
269: 					<div class="col-md-2 col-sm-4"></div>
270: 				</div>
271: 		<%
272: 					}
273: 
274: 				rs.close();
275: 				pstmt.close();


An error occurred at line: [512] in the generated java file: [/yhpj/tomcat/work/yhpj/yhpj.cafe24.com/ROOT/org/apache/jsp/notice/notice_005fdetail_005fform_jsp.java]
Syntax error on token "catch", Identifier expected

An error occurred at line: [514] in the generated java file: [/yhpj/tomcat/work/yhpj/yhpj.cafe24.com/ROOT/org/apache/jsp/notice/notice_005fdetail_005fform_jsp.java]
out cannot be resolved to a variable

An error occurred at line: [514] in the generated java file: [/yhpj/tomcat/work/yhpj/yhpj.cafe24.com/ROOT/org/apache/jsp/notice/notice_005fdetail_005fform_jsp.java]
_jspx_out cannot be resolved to a variable

An error occurred at line: [515] in the generated java file: [/yhpj/tomcat/work/yhpj/yhpj.cafe24.com/ROOT/org/apache/jsp/notice/notice_005fdetail_005fform_jsp.java]
out cannot be resolved to a variable

An error occurred at line: [515] in the generated java file: [/yhpj/tomcat/work/yhpj/yhpj.cafe24.com/ROOT/org/apache/jsp/notice/notice_005fdetail_005fform_jsp.java]
out cannot be resolved

An error occurred at line: [517] in the generated java file: [/yhpj/tomcat/work/yhpj/yhpj.cafe24.com/ROOT/org/apache/jsp/notice/notice_005fdetail_005fform_jsp.java]
response cannot be resolved

An error occurred at line: [518] in the generated java file: [/yhpj/tomcat/work/yhpj/yhpj.cafe24.com/ROOT/org/apache/jsp/notice/notice_005fdetail_005fform_jsp.java]
out cannot be resolved

An error occurred at line: [520] in the generated java file: [/yhpj/tomcat/work/yhpj/yhpj.cafe24.com/ROOT/org/apache/jsp/notice/notice_005fdetail_005fform_jsp.java]
out cannot be resolved

An error occurred at line: [523] in the generated java file: [/yhpj/tomcat/work/yhpj/yhpj.cafe24.com/ROOT/org/apache/jsp/notice/notice_005fdetail_005fform_jsp.java]
_jspx_page_context cannot be resolved to a variable

An error occurred at line: [523] in the generated java file: [/yhpj/tomcat/work/yhpj/yhpj.cafe24.com/ROOT/org/apache/jsp/notice/notice_005fdetail_005fform_jsp.java]
_jspx_page_context cannot be resolved

An error occurred at line: [526] in the generated java file: [/yhpj/tomcat/work/yhpj/yhpj.cafe24.com/ROOT/org/apache/jsp/notice/notice_005fdetail_005fform_jsp.java]
Syntax error on token "finally", { expected

An error occurred at line: [527] in the generated java file: [/yhpj/tomcat/work/yhpj/yhpj.cafe24.com/ROOT/org/apache/jsp/notice/notice_005fdetail_005fform_jsp.java]
_jspx_page_context cannot be resolved to a variable

Stacktrace:] with root cause
 org.apache.jasper.JasperException: Unable to compile class for JSP: 

An error occurred at line: 272 in the jsp file: /notice/notice_detail_form.jsp
Syntax error, insert "Finally" to complete TryStatement
269: 					<div class="col-md-2 col-sm-4"></div>
270: 				</div>
271: 		<%
272: 					}
273: 
274: 				rs.close();
275: 				pstmt.close();


An error occurred at line: [512] in the generated java file: [/yhpj/tomcat/work/yhpj/yhpj.cafe24.com/ROOT/org/apache/jsp/notice/notice_005fdetail_005fform_jsp.java]
Syntax error on token "catch", Identifier expected

An error occurred at line: [514] in the generated java file: [/yhpj/tomcat/work/yhpj/yhpj.cafe24.com/ROOT/org/apache/jsp/notice/notice_005fdetail_005fform_jsp.java]
out cannot be resolved to a variable

An error occurred at line: [514] in the generated java file: [/yhpj/tomcat/work/yhpj/yhpj.cafe24.com/ROOT/org/apache/jsp/notice/notice_005fdetail_005fform_jsp.java]
_jspx_out cannot be resolved to a variable

An error occurred at line: [515] in the generated java file: [/yhpj/tomcat/work/yhpj/yhpj.cafe24.com/ROOT/org/apache/jsp/notice/notice_005fdetail_005fform_jsp.java]
out cannot be resolved to a variable

An error occurred at line: [515] in the generated java file: [/yhpj/tomcat/work/yhpj/yhpj.cafe24.com/ROOT/org/apache/jsp/notice/notice_005fdetail_005fform_jsp.java]
out cannot be resolved

An error occurred at line: [517] in the generated java file: [/yhpj/tomcat/work/yhpj/yhpj.cafe24.com/ROOT/org/apache/jsp/notice/notice_005fdetail_005fform_jsp.java]
response cannot be resolved

An error occurred at line: [518] in the generated java file: [/yhpj/tomcat/work/yhpj/yhpj.cafe24.com/ROOT/org/apache/jsp/notice/notice_005fdetail_005fform_jsp.java]
out cannot be resolved

An error occurred at line: [520] in the generated java file: [/yhpj/tomcat/work/yhpj/yhpj.cafe24.com/ROOT/org/apache/jsp/notice/notice_005fdetail_005fform_jsp.java]
out cannot be resolved

An error occurred at line: [523] in the generated java file: [/yhpj/tomcat/work/yhpj/yhpj.cafe24.com/ROOT/org/apache/jsp/notice/notice_005fdetail_005fform_jsp.java]
_jspx_page_context cannot be resolved to a variable

An error occurred at line: [523] in the generated java file: [/yhpj/tomcat/work/yhpj/yhpj.cafe24.com/ROOT/org/apache/jsp/notice/notice_005fdetail_005fform_jsp.java]
_jspx_page_context cannot be resolved

An error occurred at line: [526] in the generated java file: [/yhpj/tomcat/work/yhpj/yhpj.cafe24.com/ROOT/org/apache/jsp/notice/notice_005fdetail_005fform_jsp.java]
Syntax error on token "finally", { expected

An error occurred at line: [527] in the generated java file: [/yhpj/tomcat/work/yhpj/yhpj.cafe24.com/ROOT/org/apache/jsp/notice/notice_005fdetail_005fform_jsp.java]
_jspx_page_context cannot be resolved to a variable

Stacktrace:
	at org.apache.jasper.compiler.DefaultErrorHandler.javacError(DefaultErrorHandler.java:102)
	at org.apache.jasper.compiler.ErrorDispatcher.javacError(ErrorDispatcher.java:198)
	at org.apache.jasper.compiler.JDTCompiler.generateClass(JDTCompiler.java:457)
	at org.apache.jasper.compiler.Compiler.compile(Compiler.java:363)
	at org.apache.jasper.compiler.Compiler.compile(Compiler.java:338)
	at org.apache.jasper.compiler.Compiler.compile(Compiler.java:325)
	at org.apache.jasper.JspCompilationContext.compile(JspCompilationContext.java:580)
	at org.apache.jasper.servlet.JspServletWrapper.service(JspServletWrapper.java:363)
	at org.apache.jasper.servlet.JspServlet.serviceJspFile(JspServlet.java:396)
	at org.apache.jasper.servlet.JspServlet.service(JspServlet.java:340)
	at javax.servlet.http.HttpServlet.service(HttpServlet.java:729)
	at org.apache.catalina.core.ApplicationFilterChain.internalDoFilter(ApplicationFilterChain.java:292)
	at org.apache.catalina.core.ApplicationFilterChain.doFilter(ApplicationFilterChain.java:207)
	at org.apache.tomcat.websocket.server.WsFilter.doFilter(WsFilter.java:52)
	at org.apache.catalina.core.ApplicationFilterChain.internalDoFilter(ApplicationFilterChain.java:240)
	at org.apache.catalina.core.ApplicationFilterChain.doFilter(ApplicationFilterChain.java:207)
	at org.apache.catalina.core.StandardWrapperValve.invoke(StandardWrapperValve.java:212)
	at org.apache.catalina.core.StandardContextValve.invoke(StandardContextValve.java:94)
	at org.apache.catalina.core.StandardHostValve.invoke(StandardHostValve.java:141)
	at org.apache.catalina.valves.ErrorReportValve.invoke(ErrorReportValve.java:79)
	at org.apache.catalina.core.StandardEngineValve.invoke(StandardEngineValve.java:88)
	at org.apache.catalina.connector.CoyoteAdapter.service(CoyoteAdapter.java:502)
	at org.apache.coyote.http11.AbstractHttp11Processor.process(AbstractHttp11Processor.java:1132)
	at org.apache.coyote.AbstractProtocol$AbstractConnectionHandler.process(AbstractProtocol.java:684)
	at org.apache.tomcat.util.net.NioEndpoint$SocketProcessor.doRun(NioEndpoint.java:1539)
	at org.apache.tomcat.util.net.NioEndpoint$SocketProcessor.run(NioEndpoint.java:1495)
	at java.util.concurrent.ThreadPoolExecutor.runWorker(ThreadPoolExecutor.java:1142)
	at java.util.concurrent.ThreadPoolExecutor$Worker.run(ThreadPoolExecutor.java:617)
	at org.apache.tomcat.util.threads.TaskThread$WrappingRunnable.run(TaskThread.java:61)
	at java.lang.Thread.run(Thread.java:745)

12-Nov-2020 15:34:37.777 심각 [http-nio-8215-exec-7] org.apache.catalina.core.StandardWrapperValve.invoke Servlet.service() for servlet [jsp] in context with path [] threw exception [Unable to compile class for JSP: 

An error occurred at line: 275 in the jsp file: /notice/notice_detail_form.jsp
Int cannot be resolved to a type
272: 					String Notice_Name = "관리자";
273: 					String Notice_Date = rs.getString(5);
274: 					String Notice_Content = rs.getString(4);
275: 					Int Notice_Look_Cnt = rs.getInt(6);
276: 			%>
277: 			
278: 			<div class="row">


Stacktrace:] with root cause
 org.apache.jasper.JasperException: Unable to compile class for JSP: 

An error occurred at line: 275 in the jsp file: /notice/notice_detail_form.jsp
Int cannot be resolved to a type
272: 					String Notice_Name = "관리자";
273: 					String Notice_Date = rs.getString(5);
274: 					String Notice_Content = rs.getString(4);
275: 					Int Notice_Look_Cnt = rs.getInt(6);
276: 			%>
277: 			
278: 			<div class="row">


Stacktrace:
	at org.apache.jasper.compiler.DefaultErrorHandler.javacError(DefaultErrorHandler.java:102)
	at org.apache.jasper.compiler.ErrorDispatcher.javacError(ErrorDispatcher.java:198)
	at org.apache.jasper.compiler.JDTCompiler.generateClass(JDTCompiler.java:457)
	at org.apache.jasper.compiler.Compiler.compile(Compiler.java:363)
	at org.apache.jasper.compiler.Compiler.compile(Compiler.java:338)
	at org.apache.jasper.compiler.Compiler.compile(Compiler.java:325)
	at org.apache.jasper.JspCompilationContext.compile(JspCompilationContext.java:580)
	at org.apache.jasper.servlet.JspServletWrapper.service(JspServletWrapper.java:363)
	at org.apache.jasper.servlet.JspServlet.serviceJspFile(JspServlet.java:396)
	at org.apache.jasper.servlet.JspServlet.service(JspServlet.java:340)
	at javax.servlet.http.HttpServlet.service(HttpServlet.java:729)
	at org.apache.catalina.core.ApplicationFilterChain.internalDoFilter(ApplicationFilterChain.java:292)
	at org.apache.catalina.core.ApplicationFilterChain.doFilter(ApplicationFilterChain.java:207)
	at org.apache.tomcat.websocket.server.WsFilter.doFilter(WsFilter.java:52)
	at org.apache.catalina.core.ApplicationFilterChain.internalDoFilter(ApplicationFilterChain.java:240)
	at org.apache.catalina.core.ApplicationFilterChain.doFilter(ApplicationFilterChain.java:207)
	at org.apache.catalina.core.StandardWrapperValve.invoke(StandardWrapperValve.java:212)
	at org.apache.catalina.core.StandardContextValve.invoke(StandardContextValve.java:94)
	at org.apache.catalina.core.StandardHostValve.invoke(StandardHostValve.java:141)
	at org.apache.catalina.valves.ErrorReportValve.invoke(ErrorReportValve.java:79)
	at org.apache.catalina.core.StandardEngineValve.invoke(StandardEngineValve.java:88)
	at org.apache.catalina.connector.CoyoteAdapter.service(CoyoteAdapter.java:502)
	at org.apache.coyote.http11.AbstractHttp11Processor.process(AbstractHttp11Processor.java:1132)
	at org.apache.coyote.AbstractProtocol$AbstractConnectionHandler.process(AbstractProtocol.java:684)
	at org.apache.tomcat.util.net.NioEndpoint$SocketProcessor.doRun(NioEndpoint.java:1539)
	at org.apache.tomcat.util.net.NioEndpoint$SocketProcessor.run(NioEndpoint.java:1495)
	at java.util.concurrent.ThreadPoolExecutor.runWorker(ThreadPoolExecutor.java:1142)
	at java.util.concurrent.ThreadPoolExecutor$Worker.run(ThreadPoolExecutor.java:617)
	at org.apache.tomcat.util.threads.TaskThread$WrappingRunnable.run(TaskThread.java:61)
	at java.lang.Thread.run(Thread.java:745)

12-Nov-2020 15:35:39.108 심각 [http-nio-8215-exec-4] org.apache.catalina.core.StandardWrapperValve.invoke Servlet.service() for servlet [jsp] in context with path [] threw exception [Unable to compile class for JSP: 

An error occurred at line: 275 in the jsp file: /notice/notice_detail_form.jsp
Int cannot be resolved to a type
272: 					String Notice_Name = "관리자";
273: 					String Notice_Date = rs.getString(5);
274: 					String Notice_Content = rs.getString(4);
275: 					Int Notice_Look_Cnt = 0;
276: 			%>
277: 			
278: 			<div class="row">


Stacktrace:] with root cause
 org.apache.jasper.JasperException: Unable to compile class for JSP: 

An error occurred at line: 275 in the jsp file: /notice/notice_detail_form.jsp
Int cannot be resolved to a type
272: 					String Notice_Name = "관리자";
273: 					String Notice_Date = rs.getString(5);
274: 					String Notice_Content = rs.getString(4);
275: 					Int Notice_Look_Cnt = 0;
276: 			%>
277: 			
278: 			<div class="row">


Stacktrace:
	at org.apache.jasper.compiler.DefaultErrorHandler.javacError(DefaultErrorHandler.java:102)
	at org.apache.jasper.compiler.ErrorDispatcher.javacError(ErrorDispatcher.java:198)
	at org.apache.jasper.compiler.JDTCompiler.generateClass(JDTCompiler.java:457)
	at org.apache.jasper.compiler.Compiler.compile(Compiler.java:363)
	at org.apache.jasper.compiler.Compiler.compile(Compiler.java:338)
	at org.apache.jasper.compiler.Compiler.compile(Compiler.java:325)
	at org.apache.jasper.JspCompilationContext.compile(JspCompilationContext.java:580)
	at org.apache.jasper.servlet.JspServletWrapper.service(JspServletWrapper.java:363)
	at org.apache.jasper.servlet.JspServlet.serviceJspFile(JspServlet.java:396)
	at org.apache.jasper.servlet.JspServlet.service(JspServlet.java:340)
	at javax.servlet.http.HttpServlet.service(HttpServlet.java:729)
	at org.apache.catalina.core.ApplicationFilterChain.internalDoFilter(ApplicationFilterChain.java:292)
	at org.apache.catalina.core.ApplicationFilterChain.doFilter(ApplicationFilterChain.java:207)
	at org.apache.tomcat.websocket.server.WsFilter.doFilter(WsFilter.java:52)
	at org.apache.catalina.core.ApplicationFilterChain.internalDoFilter(ApplicationFilterChain.java:240)
	at org.apache.catalina.core.ApplicationFilterChain.doFilter(ApplicationFilterChain.java:207)
	at org.apache.catalina.core.StandardWrapperValve.invoke(StandardWrapperValve.java:212)
	at org.apache.catalina.core.StandardContextValve.invoke(StandardContextValve.java:94)
	at org.apache.catalina.core.StandardHostValve.invoke(StandardHostValve.java:141)
	at org.apache.catalina.valves.ErrorReportValve.invoke(ErrorReportValve.java:79)
	at org.apache.catalina.core.StandardEngineValve.invoke(StandardEngineValve.java:88)
	at org.apache.catalina.connector.CoyoteAdapter.service(CoyoteAdapter.java:502)
	at org.apache.coyote.http11.AbstractHttp11Processor.process(AbstractHttp11Processor.java:1132)
	at org.apache.coyote.AbstractProtocol$AbstractConnectionHandler.process(AbstractProtocol.java:684)
	at org.apache.tomcat.util.net.NioEndpoint$SocketProcessor.doRun(NioEndpoint.java:1539)
	at org.apache.tomcat.util.net.NioEndpoint$SocketProcessor.run(NioEndpoint.java:1495)
	at java.util.concurrent.ThreadPoolExecutor.runWorker(ThreadPoolExecutor.java:1142)
	at java.util.concurrent.ThreadPoolExecutor$Worker.run(ThreadPoolExecutor.java:617)
	at org.apache.tomcat.util.threads.TaskThread$WrappingRunnable.run(TaskThread.java:61)
	at java.lang.Thread.run(Thread.java:745)

12-Nov-2020 16:34:56.675 심각 [http-nio-8215-exec-4] org.apache.catalina.core.StandardWrapperValve.invoke Servlet.service() for servlet [jsp] in context with path [] threw exception [Unable to compile class for JSP: 

An error occurred at line: 45 in the jsp file: /notice/notice_delete_action.jsp
Syntax error on token(s), misplaced construct(s)
42: 		pstmt.executeUpdate();
43: 		pstmt.close();
44: 		
45: 		response.sendRedirect("notice_list.jsp?+"&pg="+pg);
46: 	}
47: 
48: 	catch (SQLException sql) {


An error occurred at line: 45 in the jsp file: /notice/notice_delete_action.jsp
Syntax error on token(s), misplaced construct(s)
42: 		pstmt.executeUpdate();
43: 		pstmt.close();
44: 		
45: 		response.sendRedirect("notice_list.jsp?+"&pg="+pg);
46: 	}
47: 
48: 	catch (SQLException sql) {


An error occurred at line: 45 in the jsp file: /notice/notice_delete_action.jsp
String literal is not properly closed by a double-quote
42: 		pstmt.executeUpdate();
43: 		pstmt.close();
44: 		
45: 		response.sendRedirect("notice_list.jsp?+"&pg="+pg);
46: 	}
47: 
48: 	catch (SQLException sql) {


Stacktrace:] with root cause
 org.apache.jasper.JasperException: Unable to compile class for JSP: 

An error occurred at line: 45 in the jsp file: /notice/notice_delete_action.jsp
Syntax error on token(s), misplaced construct(s)
42: 		pstmt.executeUpdate();
43: 		pstmt.close();
44: 		
45: 		response.sendRedirect("notice_list.jsp?+"&pg="+pg);
46: 	}
47: 
48: 	catch (SQLException sql) {


An error occurred at line: 45 in the jsp file: /notice/notice_delete_action.jsp
Syntax error on token(s), misplaced construct(s)
42: 		pstmt.executeUpdate();
43: 		pstmt.close();
44: 		
45: 		response.sendRedirect("notice_list.jsp?+"&pg="+pg);
46: 	}
47: 
48: 	catch (SQLException sql) {


An error occurred at line: 45 in the jsp file: /notice/notice_delete_action.jsp
String literal is not properly closed by a double-quote
42: 		pstmt.executeUpdate();
43: 		pstmt.close();
44: 		
45: 		response.sendRedirect("notice_list.jsp?+"&pg="+pg);
46: 	}
47: 
48: 	catch (SQLException sql) {


Stacktrace:
	at org.apache.jasper.compiler.DefaultErrorHandler.javacError(DefaultErrorHandler.java:102)
	at org.apache.jasper.compiler.ErrorDispatcher.javacError(ErrorDispatcher.java:198)
	at org.apache.jasper.compiler.JDTCompiler.generateClass(JDTCompiler.java:457)
	at org.apache.jasper.compiler.Compiler.compile(Compiler.java:363)
	at org.apache.jasper.compiler.Compiler.compile(Compiler.java:338)
	at org.apache.jasper.compiler.Compiler.compile(Compiler.java:325)
	at org.apache.jasper.JspCompilationContext.compile(JspCompilationContext.java:580)
	at org.apache.jasper.servlet.JspServletWrapper.service(JspServletWrapper.java:363)
	at org.apache.jasper.servlet.JspServlet.serviceJspFile(JspServlet.java:396)
	at org.apache.jasper.servlet.JspServlet.service(JspServlet.java:340)
	at javax.servlet.http.HttpServlet.service(HttpServlet.java:729)
	at org.apache.catalina.core.ApplicationFilterChain.internalDoFilter(ApplicationFilterChain.java:292)
	at org.apache.catalina.core.ApplicationFilterChain.doFilter(ApplicationFilterChain.java:207)
	at org.apache.tomcat.websocket.server.WsFilter.doFilter(WsFilter.java:52)
	at org.apache.catalina.core.ApplicationFilterChain.internalDoFilter(ApplicationFilterChain.java:240)
	at org.apache.catalina.core.ApplicationFilterChain.doFilter(ApplicationFilterChain.java:207)
	at org.apache.catalina.core.StandardWrapperValve.invoke(StandardWrapperValve.java:212)
	at org.apache.catalina.core.StandardContextValve.invoke(StandardContextValve.java:94)
	at org.apache.catalina.core.StandardHostValve.invoke(StandardHostValve.java:141)
	at org.apache.catalina.valves.ErrorReportValve.invoke(ErrorReportValve.java:79)
	at org.apache.catalina.core.StandardEngineValve.invoke(StandardEngineValve.java:88)
	at org.apache.catalina.connector.CoyoteAdapter.service(CoyoteAdapter.java:502)
	at org.apache.coyote.http11.AbstractHttp11Processor.process(AbstractHttp11Processor.java:1132)
	at org.apache.coyote.AbstractProtocol$AbstractConnectionHandler.process(AbstractProtocol.java:684)
	at org.apache.tomcat.util.net.NioEndpoint$SocketProcessor.doRun(NioEndpoint.java:1539)
	at org.apache.tomcat.util.net.NioEndpoint$SocketProcessor.run(NioEndpoint.java:1495)
	at java.util.concurrent.ThreadPoolExecutor.runWorker(ThreadPoolExecutor.java:1142)
	at java.util.concurrent.ThreadPoolExecutor$Worker.run(ThreadPoolExecutor.java:617)
	at org.apache.tomcat.util.threads.TaskThread$WrappingRunnable.run(TaskThread.java:61)
	at java.lang.Thread.run(Thread.java:745)

12-Nov-2020 16:41:05.460 심각 [http-nio-8215-exec-3] org.apache.catalina.core.StandardWrapperValve.invoke Servlet.service() for servlet [jsp] in context with path [] threw exception [Unable to compile class for JSP: 

An error occurred at line: 40 in the jsp file: /notice/notice_delete_action.jsp
The method setString(int, String) in the type PreparedStatement is not applicable for the arguments (int, int)
37: 
38: 		String sqlDeleteNotice = "Delete From notice where uid=?";
39: 		pstmt = conn.prepareStatement(sqlDeleteNotice);
40: 		pstmt.setString(1, noticeid);
41: 		pstmt.executeUpdate();
42: 		pstmt.close();
43: 		


Stacktrace:] with root cause
 org.apache.jasper.JasperException: Unable to compile class for JSP: 

An error occurred at line: 40 in the jsp file: /notice/notice_delete_action.jsp
The method setString(int, String) in the type PreparedStatement is not applicable for the arguments (int, int)
37: 
38: 		String sqlDeleteNotice = "Delete From notice where uid=?";
39: 		pstmt = conn.prepareStatement(sqlDeleteNotice);
40: 		pstmt.setString(1, noticeid);
41: 		pstmt.executeUpdate();
42: 		pstmt.close();
43: 		


Stacktrace:
	at org.apache.jasper.compiler.DefaultErrorHandler.javacError(DefaultErrorHandler.java:102)
	at org.apache.jasper.compiler.ErrorDispatcher.javacError(ErrorDispatcher.java:198)
	at org.apache.jasper.compiler.JDTCompiler.generateClass(JDTCompiler.java:457)
	at org.apache.jasper.compiler.Compiler.compile(Compiler.java:363)
	at org.apache.jasper.compiler.Compiler.compile(Compiler.java:338)
	at org.apache.jasper.compiler.Compiler.compile(Compiler.java:325)
	at org.apache.jasper.JspCompilationContext.compile(JspCompilationContext.java:580)
	at org.apache.jasper.servlet.JspServletWrapper.service(JspServletWrapper.java:363)
	at org.apache.jasper.servlet.JspServlet.serviceJspFile(JspServlet.java:396)
	at org.apache.jasper.servlet.JspServlet.service(JspServlet.java:340)
	at javax.servlet.http.HttpServlet.service(HttpServlet.java:729)
	at org.apache.catalina.core.ApplicationFilterChain.internalDoFilter(ApplicationFilterChain.java:292)
	at org.apache.catalina.core.ApplicationFilterChain.doFilter(ApplicationFilterChain.java:207)
	at org.apache.tomcat.websocket.server.WsFilter.doFilter(WsFilter.java:52)
	at org.apache.catalina.core.ApplicationFilterChain.internalDoFilter(ApplicationFilterChain.java:240)
	at org.apache.catalina.core.ApplicationFilterChain.doFilter(ApplicationFilterChain.java:207)
	at org.apache.catalina.core.StandardWrapperValve.invoke(StandardWrapperValve.java:212)
	at org.apache.catalina.core.StandardContextValve.invoke(StandardContextValve.java:94)
	at org.apache.catalina.core.StandardHostValve.invoke(StandardHostValve.java:141)
	at org.apache.catalina.valves.ErrorReportValve.invoke(ErrorReportValve.java:79)
	at org.apache.catalina.core.StandardEngineValve.invoke(StandardEngineValve.java:88)
	at org.apache.catalina.connector.CoyoteAdapter.service(CoyoteAdapter.java:502)
	at org.apache.coyote.http11.AbstractHttp11Processor.process(AbstractHttp11Processor.java:1132)
	at org.apache.coyote.AbstractProtocol$AbstractConnectionHandler.process(AbstractProtocol.java:684)
	at org.apache.tomcat.util.net.NioEndpoint$SocketProcessor.doRun(NioEndpoint.java:1539)
	at org.apache.tomcat.util.net.NioEndpoint$SocketProcessor.run(NioEndpoint.java:1495)
	at java.util.concurrent.ThreadPoolExecutor.runWorker(ThreadPoolExecutor.java:1142)
	at java.util.concurrent.ThreadPoolExecutor$Worker.run(ThreadPoolExecutor.java:617)
	at org.apache.tomcat.util.threads.TaskThread$WrappingRunnable.run(TaskThread.java:61)
	at java.lang.Thread.run(Thread.java:745)

